$ npx sls deploy
Serverless: Packaging service...
Serverless: Excluding development dependencies...
Serverless: Creating Stack...
Serverless: Checking Stack create progress...
........
Serverless: Stack create finished...
Serverless: Uploading CloudFormation file to S3...
Serverless: Uploading artifacts...
Serverless: Uploading service hello-no-layer.zip file to S3 (56.84 MB)...
Serverless: Validating template...
Serverless: Updating Stack...
Serverless: Checking Stack update progress...
........................
Serverless: Stack update finished...
Service Information
service: hello-no-layer
stage: dev
region: us-east-1
stack: hello-no-layer-dev
resources: 9
api keys:
  None
endpoints:
  None
functions:
  goServerless: hello-no-layer-dev-goServerless
  helloWorld: hello-no-layer-dev-helloWorld
layers:
  None
Serverless: Run the "serverless" command to setup monitoring, troubleshooting and testing.
