$ npx sls deploy
Serverless: Packaging service...
Serverless: Excluding development dependencies...
Serverless: Creating Stack...
Serverless: Checking Stack create progress...
........
Serverless: Stack create finished...
Serverless: Uploading CloudFormation file to S3...
Serverless: Uploading artifacts...
Serverless: Uploading service lrc-computer-vision.zip file to S3 (16.4 MB)...
Serverless: Validating template...
Serverless: Updating Stack...
Serverless: Checking Stack update progress...
......
Serverless: Stack update finished...
Service Information
service: my-first-layer
stage: dev
region: us-east-1
stack: my-first-layer-dev
resources: 3
api keys:
  None
endpoints:
  None
functions:
  None
layers:
  lrc-computer-vision: arn:aws:lambda:us-east-1:635469595622:layer:lrc-computer-vision:6
Serverless: Run the "serverless" command to setup monitoring, troubleshooting and testing.
