Serverless: Uploading CloudFormation file to S3...
Serverless: Uploading artifacts...
Serverless: Uploading service goServerless.zip file to S3 (67.17 MB)...
Serverless: Uploading service helloWorld.zip file to S3 (67.17 MB)...
Serverless: Validating template...
Serverless: Updating Stack...
Serverless: Checking Stack update progress...
...............
Serverless: Stack update finished...
Service Information
service: hello-optimize
stage: dev
region: us-east-1
stack: hello-optimize-dev
resources: 9
api keys:
  None
endpoints:
  None
functions:
  goServerless: hello-optimize-dev-goServerless
  helloWorld: hello-optimize-dev-helloWorld
layers:
  None
Serverless: Run the "serverless" command to setup monitoring, troubleshooting and testing.
