2018-04-06 12:39:06,519 [      0]   INFO -        #com.intellij.idea.Main - ------------------------------------------------------ IDE STARTED ------------------------------------------------------ 
2018-04-06 12:39:07,595 [   1076]   INFO -        #com.intellij.idea.Main - IDE: IntelliJ IDEA (build #IU-181.4203.550, 26 Mar 2018 14:07) 
2018-04-06 12:39:07,595 [   1076]   INFO -        #com.intellij.idea.Main - OS: Windows 7 (6.1, amd64) 
2018-04-06 12:39:07,595 [   1076]   INFO -        #com.intellij.idea.Main - JRE: 1.8.0_152-release-1136-b20 (JetBrains s.r.o) 
2018-04-06 12:39:07,595 [   1076]   INFO -        #com.intellij.idea.Main - JVM: 25.152-b20 (OpenJDK 64-Bit Server VM) 
2018-04-06 12:39:07,707 [   1188]   INFO -        #com.intellij.idea.Main - JVM Args: -Xms128m -Xmx750m -XX:ReservedCodeCacheSize=240m -XX:+UseConcMarkSweepGC -XX:SoftRefLRUPolicyMSPerMB=50 -ea -Dsun.io.useCanonCaches=false -Djava.net.preferIPv4Stack=true -XX:+HeapDumpOnOutOfMemoryError -XX:-OmitStackTraceInFastThrow -Djb.vmOptionsFile=C:\Program Files\JetBrains\IntelliJ IDEA 2018.1\bin\idea64.exe.vmoptions -Didea.jre.check=true -Dide.native.launcher=true -Didea.paths.selector=IntelliJIdea2018.1 -XX:ErrorFile=C:\Users\gcoakley\java_error_in_idea_%p.log -XX:HeapDumpPath=C:\Users\gcoakley\java_error_in_idea.hprof 
2018-04-06 12:39:07,708 [   1189]   INFO -        #com.intellij.idea.Main - ext: C:\Program Files\JetBrains\IntelliJ IDEA 2018.1\jre64\lib\ext: [access-bridge-64.jar, cldrdata.jar, dnsns.jar, jaccess.jar, jfxrt.jar, localedata.jar, meta-index, nashorn.jar, sunec.jar, sunjce_provider.jar, sunmscapi.jar, sunpkcs11.jar, zipfs.jar] 
2018-04-06 12:39:07,708 [   1189]   INFO -        #com.intellij.idea.Main - JNU charset: Cp1252 
2018-04-06 12:39:07,949 [   1430]   INFO -        #com.intellij.idea.Main - JNA library (64-bit) loaded in 228 ms 
2018-04-06 12:39:08,004 [   1485]   INFO - penapi.util.io.win32.IdeaWin32 - Native filesystem for Windows is operational 
2018-04-06 12:39:09,563 [   3044]   INFO -     #com.intellij.util.ui.JBUI - User scale factor: 1.0 
2018-04-06 12:39:09,564 [   3045]   INFO -     #com.intellij.util.ui.JBUI - System scale factor: 1.0 (IDE-managed HiDPI) 
2018-04-06 12:40:31,736 [  85217]   INFO - .intellij.idea.IdeaApplication - CPU cores: 4; ForkJoinPool.commonPool: java.util.concurrent.ForkJoinPool@3626491c[Running, parallelism = 3, size = 0, active = 0, running = 0, steals = 0, tasks = 0, submissions = 0]; factory: com.intellij.concurrency.IdeaForkJoinWorkerThreadFactory@54a6b6d4 
2018-04-06 12:40:46,762 [ 100243]   INFO - llij.ide.plugins.PluginManager - Plugin 'Bytecode Viewer' can't be loaded because: Plugin is disabled 
2018-04-06 12:40:46,769 [ 100250]   INFO - llij.ide.plugins.PluginManager - Plugin 'CVS Integration' can't be loaded because: Plugin is disabled 
2018-04-06 12:40:46,772 [ 100253]   INFO - llij.ide.plugins.PluginManager - Plugin 'Perforce Integration' can't be loaded because: Plugin is disabled 
2018-04-06 12:40:46,774 [ 100255]   INFO - llij.ide.plugins.PluginManager - Plugin 'Refactor-X' can't be loaded because: Plugin is disabled 
2018-04-06 12:40:46,775 [ 100256]   INFO - llij.ide.plugins.PluginManager - Plugin 'Subversion Integration' can't be loaded because: Plugin is disabled 
2018-04-06 12:40:46,776 [ 100257]   INFO - llij.ide.plugins.PluginManager - Plugin 'XPathView + XSLT Support' can't be loaded because: Plugin is disabled 
2018-04-06 12:40:46,778 [ 100259]   INFO - llij.ide.plugins.PluginManager - Plugin 'XSLT-Debugger' can't be loaded because: Plugin is disabled 
2018-04-06 12:40:46,780 [ 100261]   INFO - llij.ide.plugins.PluginManager - Plugin 'ZKM-Unscramble' can't be loaded because: Plugin is disabled 
2018-04-06 12:40:46,781 [ 100262]   INFO - llij.ide.plugins.PluginManager - Plugin 'Copyright' can't be loaded because: Plugin is disabled 
2018-04-06 12:40:46,782 [ 100263]   INFO - llij.ide.plugins.PluginManager - Plugin 'DSM Analysis' can't be loaded because: Plugin is disabled 
2018-04-06 12:40:46,783 [ 100264]   INFO - llij.ide.plugins.PluginManager - Plugin 'Guice' can't be loaded because: Plugin is disabled 
2018-04-06 12:40:46,784 [ 100265]   INFO - llij.ide.plugins.PluginManager - Plugin 'J2ME' can't be loaded because: Plugin is disabled 
2018-04-06 12:40:46,786 [ 100267]   INFO - llij.ide.plugins.PluginManager - Plugin 'TestNG-J' can't be loaded because: Plugin is disabled 
2018-04-06 12:40:46,787 [ 100268]   INFO - llij.ide.plugins.PluginManager - Plugin 'Emma' can't be loaded because: Plugin is disabled 
2018-04-06 12:40:46,789 [ 100270]   INFO - llij.ide.plugins.PluginManager - Plugin 'Task Management' can't be loaded because: Plugin is disabled 
2018-04-06 12:40:46,792 [ 100273]   INFO - llij.ide.plugins.PluginManager - Plugin 'Time Tracking' can't be loaded because: Plugin is disabled 
2018-04-06 12:40:46,794 [ 100275]   INFO - llij.ide.plugins.PluginManager - Plugin 'Velocity support' can't be loaded because: Plugin is disabled 
2018-04-06 12:40:46,795 [ 100276]   INFO - llij.ide.plugins.PluginManager - Plugin 'ASP' can't be loaded because: Plugin is disabled 
2018-04-06 12:40:46,796 [ 100277]   INFO - llij.ide.plugins.PluginManager - Plugin 'Remote Hosts Access' can't be loaded because: Plugin is disabled 
2018-04-06 12:40:46,798 [ 100279]   INFO - llij.ide.plugins.PluginManager - Plugin 'Mercurial Integration' can't be loaded because: Plugin is disabled 
2018-04-06 12:40:46,799 [ 100280]   INFO - llij.ide.plugins.PluginManager - Plugin 'EditorConfig' can't be loaded because: Plugin is disabled 
2018-04-06 12:40:46,801 [ 100282]   INFO - llij.ide.plugins.PluginManager - Plugin 'IntelliLang' can't be loaded because: Plugin is disabled 
2018-04-06 12:40:46,802 [ 100283]   INFO - llij.ide.plugins.PluginManager - Plugin 'CFML Support' can't be loaded because: Plugin is disabled 
2018-04-06 12:40:46,803 [ 100284]   INFO - llij.ide.plugins.PluginManager - Plugin 'HTTP Client' can't be loaded because: Plugin is disabled 
2018-04-06 12:40:46,804 [ 100285]   INFO - llij.ide.plugins.PluginManager - Plugin 'Playframework Support' can't be loaded because: Plugin is disabled 
2018-04-06 12:40:46,806 [ 100287]   INFO - llij.ide.plugins.PluginManager - Plugin 'Eclipse Integration' can't be loaded because: Plugin is disabled 
2018-04-06 12:40:46,808 [ 100289]   INFO - llij.ide.plugins.PluginManager - Plugin 'Maven Integration' can't be loaded because: Plugin is disabled 
2018-04-06 12:40:46,814 [ 100295]   INFO - llij.ide.plugins.PluginManager - Plugin 'Osmorc' can't be loaded because: Plugin is disabled 
2018-04-06 12:40:46,819 [ 100300]   INFO - llij.ide.plugins.PluginManager - Plugin 'Plugin DevKit' can't be loaded because: Plugin is disabled 
2018-04-06 12:40:46,822 [ 100303]   INFO - llij.ide.plugins.PluginManager - Plugin 'GlassFish Integration' can't be loaded because: Plugin is disabled 
2018-04-06 12:40:46,824 [ 100305]   INFO - llij.ide.plugins.PluginManager - Plugin 'Heroku integration' can't be loaded because: Plugin is disabled 
2018-04-06 12:40:46,826 [ 100307]   INFO - llij.ide.plugins.PluginManager - Plugin 'JBoss Integration' can't be loaded because: Plugin is disabled 
2018-04-06 12:40:46,828 [ 100309]   INFO - llij.ide.plugins.PluginManager - Plugin 'JSR45 Integration' can't be loaded because: Plugin is disabled 
2018-04-06 12:40:46,829 [ 100310]   INFO - llij.ide.plugins.PluginManager - Plugin 'OpenShift integration' can't be loaded because: Plugin is disabled 
2018-04-06 12:40:46,831 [ 100312]   INFO - llij.ide.plugins.PluginManager - Plugin 'Resin Integration' can't be loaded because: Plugin is disabled 
2018-04-06 12:40:46,832 [ 100313]   INFO - llij.ide.plugins.PluginManager - Plugin 'CloudBees integration' can't be loaded because: Plugin is disabled 
2018-04-06 12:40:46,833 [ 100314]   INFO - llij.ide.plugins.PluginManager - Plugin 'Geronimo Integration' can't be loaded because: Plugin is disabled 
2018-04-06 12:40:46,834 [ 100315]   INFO - llij.ide.plugins.PluginManager - Plugin 'WebSphere Integration' can't be loaded because: Plugin is disabled 
2018-04-06 12:40:46,836 [ 100317]   INFO - llij.ide.plugins.PluginManager - Plugin 'WebLogic Integration' can't be loaded because: Plugin is disabled 
2018-04-06 12:40:46,838 [ 100319]   INFO - llij.ide.plugins.PluginManager - Plugin 'Java EE: Bean Validation Support' can't be loaded because: Plugin is disabled 
2018-04-06 12:40:46,839 [ 100320]   INFO - llij.ide.plugins.PluginManager - Plugin 'Java EE: Contexts and Dependency Injection' can't be loaded because: Plugin is disabled 
2018-04-06 12:40:46,841 [ 100322]   INFO - llij.ide.plugins.PluginManager - Plugin 'Hibernate Support' can't be loaded because: Plugin is disabled 
2018-04-06 12:40:46,843 [ 100324]   INFO - llij.ide.plugins.PluginManager - Plugin 'Java EE: Batch Applications' can't be loaded because: Plugin is disabled 
2018-04-06 12:40:46,845 [ 100326]   INFO - llij.ide.plugins.PluginManager - Plugin 'Java EE: JMS, JSON Processing, Concurrency, Transaction ' can't be loaded because: Plugin is disabled 
2018-04-06 12:40:46,846 [ 100327]   INFO - llij.ide.plugins.PluginManager - Plugin 'Java EE: WebSockets' can't be loaded because: Plugin is disabled 
2018-04-06 12:40:46,847 [ 100328]   INFO - llij.ide.plugins.PluginManager - Plugin 'JBoss Frameworks Base Support' can't be loaded because: Plugin is disabled 
2018-04-06 12:40:46,848 [ 100329]   INFO - llij.ide.plugins.PluginManager - Plugin 'JBoss Drools Support' can't be loaded because: Plugin is disabled 
2018-04-06 12:40:46,849 [ 100330]   INFO - llij.ide.plugins.PluginManager - Plugin 'JBoss Arquillian Support' can't be loaded because: Plugin is disabled 
2018-04-06 12:40:46,852 [ 100333]   INFO - llij.ide.plugins.PluginManager - Plugin 'Struts 1.x' can't be loaded because: Plugin is disabled 
2018-04-06 12:40:46,852 [ 100333]   INFO - llij.ide.plugins.PluginManager - Plugin 'JBoss jBPM' can't be loaded because: Plugin is disabled 
2018-04-06 12:40:46,854 [ 100335]   INFO - llij.ide.plugins.PluginManager - Plugin 'Java EE: Java Server Faces' can't be loaded because: Plugin is disabled 
2018-04-06 12:40:46,855 [ 100336]   INFO - llij.ide.plugins.PluginManager - Plugin 'JBoss Seam Support' can't be loaded because: Plugin is disabled 
2018-04-06 12:40:46,856 [ 100337]   INFO - llij.ide.plugins.PluginManager - Plugin 'JBoss Seam Pageflow Support' can't be loaded because: Plugin is disabled 
2018-04-06 12:40:46,858 [ 100339]   INFO - llij.ide.plugins.PluginManager - Plugin 'JBoss Seam Pages Support' can't be loaded because: Plugin is disabled 
2018-04-06 12:40:46,859 [ 100340]   INFO - llij.ide.plugins.PluginManager - Plugin 'Cloud Foundry integration' can't be loaded because: Plugin is disabled 
2018-04-06 12:40:46,860 [ 100341]   INFO - llij.ide.plugins.PluginManager - Plugin 'dmServer Support' can't be loaded because: Plugin is disabled 
2018-04-06 12:40:46,862 [ 100343]   INFO - llij.ide.plugins.PluginManager - Plugin 'FreeMarker support' can't be loaded because: Plugin is disabled 
2018-04-06 12:40:46,863 [ 100344]   INFO - llij.ide.plugins.PluginManager - Plugin 'Vaadin Support' can't be loaded because: Plugin is disabled 
2018-04-06 12:40:46,865 [ 100346]   INFO - llij.ide.plugins.PluginManager - Plugin 'Spring Batch' can't be loaded because: Plugin is disabled 
2018-04-06 12:40:46,866 [ 100347]   INFO - llij.ide.plugins.PluginManager - Plugin 'Spring OSGi' can't be loaded because: Plugin is disabled 
2018-04-06 12:40:46,867 [ 100348]   INFO - llij.ide.plugins.PluginManager - Plugin 'Spring Data' can't be loaded because: Plugin is disabled 
2018-04-06 12:40:46,869 [ 100350]   INFO - llij.ide.plugins.PluginManager - Plugin 'Spring MVC' can't be loaded because: Plugin is disabled 
2018-04-06 12:40:46,870 [ 100351]   INFO - llij.ide.plugins.PluginManager - Plugin 'Spring Security' can't be loaded because: Plugin is disabled 
2018-04-06 12:40:46,871 [ 100352]   INFO - llij.ide.plugins.PluginManager - Plugin 'Spring Integration Patterns' can't be loaded because: Plugin is disabled 
2018-04-06 12:40:46,873 [ 100354]   INFO - llij.ide.plugins.PluginManager - Plugin 'Spring Web Flow' can't be loaded because: Plugin is disabled 
2018-04-06 12:40:46,874 [ 100355]   INFO - llij.ide.plugins.PluginManager - Plugin 'Spring WebSocket' can't be loaded because: Plugin is disabled 
2018-04-06 12:40:46,875 [ 100356]   INFO - llij.ide.plugins.PluginManager - Plugin 'Spring Web Services' can't be loaded because: Plugin is disabled 
2018-04-06 12:40:46,877 [ 100358]   INFO - llij.ide.plugins.PluginManager - Plugin 'Struts 2' can't be loaded because: Plugin is disabled 
2018-04-06 12:40:46,878 [ 100359]   INFO - llij.ide.plugins.PluginManager - Plugin 'Tapestry support' can't be loaded because: Plugin is disabled 
2018-04-06 12:40:46,881 [ 100362]   INFO - llij.ide.plugins.PluginManager - Plugin 'Thymeleaf' can't be loaded because: Plugin is disabled 
2018-04-06 12:40:46,882 [ 100363]   INFO - llij.ide.plugins.PluginManager - Plugin 'Java EE: RESTful Web Services (JAX-RS)' can't be loaded because: Plugin is disabled 
2018-04-06 12:40:46,884 [ 100365]   INFO - llij.ide.plugins.PluginManager - Plugin 'Maven Integration Extension' can't be loaded because: Plugin is disabled 
2018-04-06 12:40:46,884 [ 100365]   INFO - llij.ide.plugins.PluginManager - Plugin 'Android Support' can't be loaded because: Plugin is disabled 
2018-04-06 12:40:46,904 [ 100385]   INFO - llij.ide.plugins.PluginManager - Plugin 'Haml' can't be loaded because: Plugin is disabled 
2018-04-06 12:40:46,905 [ 100386]   INFO - llij.ide.plugins.PluginManager - Plugin 'Terminal' can't be loaded because: Plugin is disabled 
2018-04-06 12:40:46,907 [ 100388]   INFO - llij.ide.plugins.PluginManager - Plugin 'SSH Remote Run' can't be loaded because: Plugin is disabled 
2018-04-06 12:40:46,908 [ 100389]   INFO - llij.ide.plugins.PluginManager - Plugin 'Spring Boot' can't be loaded because: Plugin is disabled 
2018-04-06 12:40:46,912 [ 100393]   INFO - llij.ide.plugins.PluginManager - Plugin 'Ruby' can't be loaded because: Plugin since-build or until-build don't match this product's build number 
2018-04-06 12:40:46,915 [ 100396]   INFO - llij.ide.plugins.PluginManager - Plugin 'Settings Repository' can't be loaded because: Plugin is disabled 
2018-04-06 12:40:47,362 [ 100843]   INFO - llij.ide.plugins.PluginManager - 133 plugins initialized in 14622 ms 
2018-04-06 12:40:47,371 [ 100852]   INFO - llij.ide.plugins.PluginManager - Loaded bundled plugins: AngularJS (181.4203.550), Ant Support (1.0), Application Servers View (0.2.0), AspectJ Support (1.2), CSS Support (181.4203.550), CoffeeScript (181.4203.550), Coverage (181.4203.550), Cucumber for Groovy (181.4203.550), Cucumber for Java (181.4203.550), Database Tools and SQL (181.4203.550), Flash/Flex Support (181.4203.550), GWT Support (1.0), Gherkin (999.999), Git Integration (8.1), GitHub (181.4203.550), Google App Engine Integration (1.1.4), Gradle (181.4203.550), Grails (9.0), Groovy (9.0), HTML Tools (2.0), I18n for Java (181.4203.550), IDE Settings Sync (181.4203.550), IDEA CORE (181.4203.550), JUnit (1.0), Java Bytecode Decompiler (181.4203.550), Java EE: EJB, JPA, Servlets (1.0), Java EE: Web Services (JAX-WS) (1.9), Java Server Pages (JSP) Integration (1.0), Java Stream Debugger (181.4203.550), JavaFX (1.0), JavaScript Debugger (1.0), JavaScript Intention Power Pack (0.9.4), JavaScript Support (1.0), Jetty Integration (1.0), Kotlin (1.2.30-release-IJ2018.1-1), Less support (181.4203.550), Markdown support (181.4203.550), Persistence Frameworks Support (1.0), Properties Support (181.4203.550), QuirksMode (181.4203.550), Reactor framework support (1.0), Sass support (181.4203.550), Smali Support (1.0), Spring AOP/@AspectJ (1.0), Spring Support (1.0), Spy-js (181.4203.550), Stylus support (999.999), TFS Integration (999.999), Tomcat and TomEE Integration (1.0), UI Designer (181.4203.550), UML Support (1.0), W3C Validators (2.0), YAML (181.4203.550), tslint (181.4203.550) 
2018-04-06 12:40:47,371 [ 100852]   INFO - llij.ide.plugins.PluginManager - Disabled plugins: ASP (0.1), Android Support (10.3.0), Bytecode Viewer (0.1), CFML Support (3.53), CVS Integration (11), Cloud Foundry integration (1.0), CloudBees integration (1.0), Copyright (8.1), DSM Analysis (1.0.0), Eclipse Integration (3.0), EditorConfig (181.4203.550), Emma (181.4203.550), FreeMarker support (1.0), Geronimo Integration (1.0), GlassFish Integration (1.0), Guice (8.0), HTTP Client (181.4203.550), Haml (181.4203.550), Heroku integration (181.4203.550), Hibernate Support (1.0), IntelliLang (8.0), J2ME (1.0), JBoss Arquillian Support (1.0), JBoss Drools Support (1.0), JBoss Frameworks Base Support (1.0), JBoss Integration (1.0), JBoss Seam Pageflow Support (1.0), JBoss Seam Pages Support (1.0), JBoss Seam Support (1.0), JBoss jBPM (2.0.0), JSR45 Integration (1.0), Java EE: Batch Applications (1.0), Java EE: Bean Validation Support (1.1), Java EE: Contexts and Dependency Injection (1.1), Java EE: JMS, JSON Processing, Concurrency, Transaction  (1.0), Java EE: Java Server Faces (2.2.X.), Java EE: RESTful Web Services (JAX-RS) (1.0), Java EE: WebSockets (1.0), Maven Integration (181.4203.550), Maven Integration Extension (181.4203.550), Mercurial Integration (10.0), OpenShift integration (1.0), Osmorc (1.4.11), Perforce Integration (2.0), Playframework Support (1.0), Plugin DevKit (1.0), Refactor-X (2.01), Remote Hosts Access (0.1), Resin Integration (8.1), Ruby (2017.3.20171205), SSH Remote Run (0.1), Settings Repository (181.4203.550), Spring Batch (1.0), Spring Boot (1.0), Spring Data (1.0), Spring Integration Patterns (1.0), Spring MVC (1.0), Spring OSGi (1.0), Spring Security (1.0), Spring Web Flow (1.0), Spring Web Services (1.0), Spring WebSocket (1.0), Struts 1.x (2.0), Struts 2 (1.0), Subversion Integration (1.1), Tapestry support (1.0), Task Management (1.0), Terminal (0.1), TestNG-J (8.0), Thymeleaf (1.0), Time Tracking (1.0), Vaadin Support (1.0), Velocity support (1.0), WebLogic Integration (1.0), WebSphere Integration (1.0), XPathView + XSLT Support (4), XSLT-Debugger (1.4), ZKM-Unscramble (1.0), dmServer Support (0.9.5) 
2018-04-06 12:40:57,945 [ 111426]   INFO - cloudConfig.CloudConfigManager - === Exit: JBA_NOT_FOUND === 
2018-04-06 12:40:58,107 [ 111588]   INFO - ellij.vfs.persistent.FSRecords - Marking VFS as corrupted: 'C:\Users\gcoakley\.IntelliJIdea2018.1\system\caches\names.dat' does not exist 
2018-04-06 12:40:58,109 [ 111590]   INFO - ellij.util.io.PagedFileStorage - lower=100; upper=500; buffer=10; max=705 
2018-04-06 12:40:58,240 [ 111721]   INFO - pl.local.NativeFileWatcherImpl - Starting file watcher: C:\Program Files\JetBrains\IntelliJ IDEA 2018.1\bin\fsnotifier64.exe 
2018-04-06 12:40:58,274 [ 111755]   INFO - pl.local.NativeFileWatcherImpl - Native file watcher is operational. 
2018-04-06 12:40:59,546 [ 113027]   INFO - pi.util.registry.RegistryState - Registry values changed by user: 
2018-04-06 12:40:59,546 [ 113027]   INFO - pi.util.registry.RegistryState -   debugger.watches.in.variables = false 
2018-04-06 12:40:59,546 [ 113027]   INFO - pi.util.registry.RegistryState -   ide.tooltip.initialDelay = 998 
2018-04-06 12:41:04,993 [ 118474]   INFO - com.intellij.ide.ui.UISettings - Loaded: fontSize=12, fontScale=0.0; restored: fontSize=12, fontScale=1.0 
2018-04-06 12:41:05,797 [ 119278]   WARN - nSystem.impl.ActionManagerImpl - keymap "Xcode" not found [Plugin: Git4Idea] 
2018-04-06 12:41:06,346 [ 119827]   INFO - .history.utils.LocalHistoryLog - local history version mismatch (was: 0, expected: 6), rebuilding... 
2018-04-06 12:41:06,346 [ 119827]   INFO - .history.utils.LocalHistoryLog - FS has been rebuild, rebuilding local history... 
2018-04-06 12:41:07,354 [ 120835]   INFO - til.net.ssl.CertificateManager - Default SSL context initialized 
2018-04-06 12:41:07,403 [ 120884]   INFO - lij.diagnostic.DebugLogManager - Set DEBUG for the following categories:  
2018-04-06 12:41:07,960 [ 121441]   INFO - .openapi.application.Preloader - Finished preloading com.intellij.ide.ui.OptionsTopHitProvider$Activity@3bbee5f9 
2018-04-06 12:41:08,206 [ 121687]   INFO - rains.ide.BuiltInServerManager - built-in server started, port 63342 
2018-04-06 12:41:08,319 [ 121800]   INFO - gs.impl.UpdateCheckerComponent - channel: release 
2018-04-06 12:41:12,552 [ 126033]   INFO - il.indexing.FileBasedIndexImpl - Index exts enumerated:3769, number of extensions:66 
2018-04-06 12:41:12,675 [ 126156]   INFO - il.indexing.FileBasedIndexImpl - Index scheduled:123 
2018-04-06 12:41:14,775 [ 128256]   INFO - tellij.psi.stubs.StubIndexImpl - All stub exts enumerated:2059, number of extensions:106 
2018-04-06 12:41:14,776 [ 128257]   INFO - tellij.psi.stubs.StubIndexImpl - stub exts update scheduled:0 
2018-04-06 12:41:20,673 [ 134154]   INFO - ij.psi.stubs.StubUpdatingIndex - Following new file types will be indexed:SQL,AspectJ,Markdown,KJSM,Less,Sass,Stylus,spring.factories,JSP,kotlin_builtins,JavaScript,Kotlin,JSX Harmony,TypeScript JSX,XML,CSS,JAVA,ActionScript,Flow,SWF,Groovy,Literate CoffeeScript,SCSS,TypeScript,HTML,Properties,CLASS,ECMAScript 6,CoffeeScript 
2018-04-06 12:41:22,462 [ 135943]   INFO - plication.impl.ApplicationImpl - 89 application components initialized in 49728ms 
2018-04-06 12:41:22,643 [ 136124]   INFO - .intellij.idea.IdeaApplication - App initialization took 144640 ms 
2018-04-06 12:41:27,209 [ 140690]   INFO - pl$FileIndexDataInitialization - Initialization done:14534 
2018-04-06 12:41:29,131 [ 142612]   INFO - exImpl$StubIndexInitialization - Initialization done:1921 
2018-04-06 12:41:38,309 [ 151790]   INFO - com.intellij.ide.ui.UISettings - Loaded: fontSize=12, fontScale=1.0; restored: fontSize=12, fontScale=1.0 
2018-04-06 12:41:42,450 [ 155931]   INFO - CompilerWorkspaceConfiguration - Available processors: 4 
2018-04-06 12:41:42,511 [ 155992]   INFO - pl.projectlevelman.NewMappings - VCS Root: [] - [<Project>] 
2018-04-06 12:41:42,513 [ 155994]   INFO - pl.projectlevelman.NewMappings - VCS Root: [Git] - [C:/dev/wksp/iat] 
2018-04-06 12:41:46,885 [ 160366]   INFO - .openapi.application.Preloader - Finished preloading com.intellij.openapi.actionSystem.impl.ActionPreloader@1b3d284 
2018-04-06 12:41:49,197 [ 162678]   INFO - ellij.project.impl.ProjectImpl - 138 project components initialized in 19409 ms 
2018-04-06 12:41:52,245 [ 165726]   INFO - .openapi.application.Preloader - Finished preloading com.intellij.ide.ui.search.SearchableOptionPreloader@5162c138 
2018-04-06 12:41:55,778 [ 169259]   INFO - le.impl.ModuleManagerComponent - 6 module(s) loaded in 6569 ms 
2018-04-06 12:41:56,468 [ 169949]   INFO - .openapi.application.Preloader - Finished preloading com.intellij.codeInsight.completion.CompletionPreloader@5add7af3 
2018-04-06 12:41:57,058 [ 170539]   INFO - .openapi.application.Preloader - Finished preloading com.intellij.ide.actions.GotoClassPresentationUpdater@4a4cf7a4 
2018-04-06 12:41:59,424 [ 172905]   INFO - j.ide.script.IdeStartupScripts - 0 startup script(s) found 
2018-04-06 12:41:59,955 [ 173436]   WARN - om.intellij.util.ProfilingUtil - Profiling agent is not enabled. Add -agentlib:yjpagent to idea.vmoptions if necessary to profile IDEA. 
2018-04-06 12:42:03,481 [ 176962]   INFO - CompilerBackwardReferenceIndex - backward reference index version differ due to: class java.io.FileNotFoundException 
2018-04-06 12:42:05,341 [ 178822]   INFO - tartup.impl.StartupManagerImpl - BreadcrumbsInitializingActivity run in 202ms under project opening modal progress 
2018-04-06 12:42:05,416 [ 178897]   INFO - ellij.project.impl.ProjectImpl - 18 project components initialized in 64 ms 
2018-04-06 12:42:15,029 [ 188510]   INFO - tartup.impl.StartupManagerImpl - OpenFilesActivity run in 9688ms under project opening modal progress 
2018-04-06 12:42:15,564 [ 189045]   INFO - ge.ExternalProjectsDataStorage - Loaded external projects data in 135 millis 
2018-04-06 12:42:15,583 [ 189064]   INFO - tartup.impl.StartupManagerImpl - ExternalSystemStartupActivity run in 511ms under project opening modal progress 
2018-04-06 12:42:15,802 [ 189283]   INFO - .diagnostic.PerformanceWatcher - Post-startup activities under progress took 11564ms; general responsiveness: ok; EDT responsiveness: 3/11 sluggish, 6/11 very slow 
2018-04-06 12:42:16,961 [ 190442]   INFO - .diagnostic.PerformanceWatcher - Pushing properties took 12409ms; general responsiveness: ok; EDT responsiveness: 2/10 sluggish, 6/10 very slow 
2018-04-06 12:42:17,444 [ 190925]   INFO - .TypeScriptLibraryProviderImpl - Start refreshing typescript libraries 
2018-04-06 12:42:21,183 [ 194664]   INFO - j.ide.ui.OptionsTopHitProvider - 3597 ms spent to cache options in application 
2018-04-06 12:42:21,518 [ 194999]   INFO - tartup.impl.StartupManagerImpl - C:/dev/wksp/iat/.idea case-sensitivity: expected=false actual=false 
2018-04-06 12:42:23,462 [ 196943]   INFO - pl.projectlevelman.NewMappings - VCS Root: [Git] - [C:/dev/wksp/iat] 
2018-04-06 12:42:33,446 [ 206927]   INFO - .TypeScriptLibraryProviderImpl - End refreshing typescript libraries 
2018-04-06 12:42:34,535 [ 208016]   INFO - tor.impl.FileEditorManagerImpl - Project opening took 66141 ms 
2018-04-06 12:42:44,758 [ 218239]   INFO - .diagnostic.PerformanceWatcher - Indexable file iteration took 27753ms; general responsiveness: ok; EDT responsiveness: 3/30 sluggish, 19/30 very slow 
2018-04-06 12:42:44,776 [ 218257]   INFO - indexing.UnindexedFilesUpdater - Unindexed files update started: 90810 files to update 
2018-04-06 12:43:10,547 [ 244028]   INFO - ndex.PrebuiltIndexProviderBase - Using prebuilt sdk-stubs from C:\Users\gcoakley\.IntelliJIdea2018.1\system\index\.persistent\prebuilt\JavaScript\sdk-stubs.input 
2018-04-06 12:43:30,547 [ 264028]   INFO -  #git4idea.commands.GitHandler - git status took 66432 ms. Command parameters: 
"C:\Program Files\JetBrains\IntelliJ IDEA 2018.1\bin\runnerw.exe" C:\dev\bin\cygwin64\bin\git.exe -c core.quotepath=false -c log.showSignature=false status --porcelain -z --untracked-files=no -- . 
2018-04-06 12:43:35,756 [ 269237]   INFO - indexing.UnindexedFilesUpdater - Unindexed files update canceled 
2018-04-06 12:44:33,868 [ 327349]   INFO - stubs.SerializationManagerImpl - START StubSerializationManager SHUTDOWN 
2018-04-06 12:44:33,922 [ 327403]   INFO - stubs.SerializationManagerImpl - END StubSerializationManager SHUTDOWN 
2018-04-06 12:44:35,127 [ 328608]   INFO - stubs.SerializationManagerImpl - START StubSerializationManager SHUTDOWN 
2018-04-06 12:44:35,128 [ 328609]   INFO - stubs.SerializationManagerImpl - END StubSerializationManager SHUTDOWN 
2018-04-06 12:44:35,128 [ 328609]   INFO - il.indexing.FileBasedIndexImpl - START INDEX SHUTDOWN 
2018-04-06 12:44:36,178 [ 329659]   INFO - il.indexing.FileBasedIndexImpl - END INDEX SHUTDOWN 
2018-04-06 12:44:36,183 [ 329664]   INFO - org.jetbrains.io.BuiltInServer - web server stopped 
2018-04-06 12:44:36,203 [ 329684]   INFO - Types.impl.FileTypeManagerImpl - FileTypeManager: 1336 auto-detected files
Elapsed time on auto-detect: 7294 ms 
2018-04-06 12:44:36,214 [ 329695]   INFO - pl.local.NativeFileWatcherImpl - Watcher terminated with exit code 0 
2018-04-06 12:44:36,220 [ 329701]   INFO - newvfs.persistent.PersistentFS - VFS dispose started 
2018-04-06 12:44:36,262 [ 329743]   INFO - newvfs.persistent.PersistentFS - VFS dispose completed 
2018-04-06 12:44:36,264 [ 329745]   INFO -        #com.intellij.idea.Main - ------------------------------------------------------ IDE SHUTDOWN ------------------------------------------------------ 
2018-04-06 12:44:36,267 [ 329748]   INFO - org.jetbrains.io.BuiltInServer - web server stopped 
