Serverless: Packaging service...
Serverless: Excluding development dependencies...
Serverless: Creating Stack...
Serverless: Checking Stack create progress...
........
Serverless: Stack create finished...
Serverless: Uploading CloudFormation file to S3...
Serverless: Uploading artifacts...
Serverless: Uploading service lrcComputerVision.zip file to S3 (16.4 MB)...
Serverless: Validating template...
Serverless: Updating Stack...
Serverless: Checking Stack update progress...
......
Serverless: Stack update finished...
Service Information
service: lrc-computer-vision
stage: dev
region: us-east-1
stack: lrc-computer-vision-dev
resources: 3
api keys:
  None
endpoints:
  None
functions:
  None
layers:
  lrcComputerVision: arn:aws:lambda:us-east-1:635469595622:layer:lrcComputerVision:2
Serverless: Run the "serverless" command to setup monitoring, troubleshooting and testing.
